2022-12-28 15:48:26,176 INFO org.springframework.boot.StartupInfoLogger [main] Starting MessageServiceApplication using Java 18 on Ranjan-Game-PC with PID 13688 (C:\Project\message-service\message-service\target\classes started by ranja in C:\Project\message-service\message-service)
2022-12-28 15:48:26,180 INFO org.springframework.boot.SpringApplication [main] No active profile set, falling back to 1 default profile: "default"
2022-12-28 15:48:27,057 INFO org.springframework.boot.web.embedded.tomcat.TomcatWebServer [main] Tomcat initialized with port(s): 7070 (http)
2022-12-28 15:48:27,069 INFO org.apache.juli.logging.DirectJDKLog [main] Initializing ProtocolHandler ["http-nio-7070"]
2022-12-28 15:48:27,069 INFO org.apache.juli.logging.DirectJDKLog [main] Starting service [Tomcat]
2022-12-28 15:48:27,070 INFO org.apache.juli.logging.DirectJDKLog [main] Starting Servlet engine: [Apache Tomcat/9.0.65]
2022-12-28 15:48:27,167 INFO org.apache.juli.logging.DirectJDKLog [main] Initializing Spring embedded WebApplicationContext
2022-12-28 15:48:27,167 INFO org.springframework.boot.web.servlet.context.ServletWebServerApplicationContext [main] Root WebApplicationContext: initialization completed in 937 ms
2022-12-28 15:48:27,501 INFO org.apache.juli.logging.DirectJDKLog [main] Starting ProtocolHandler ["http-nio-7070"]
2022-12-28 15:48:27,521 INFO org.springframework.boot.web.embedded.tomcat.TomcatWebServer [main] Tomcat started on port(s): 7070 (http) with context path '/message'
2022-12-28 15:48:27,523 INFO org.springframework.core.log.CompositeLog [main] Starting...
2022-12-28 15:48:27,523 INFO org.springframework.core.log.CompositeLog [main] BrokerAvailabilityEvent[available=true, SimpleBrokerMessageHandler [org.springframework.messaging.simp.broker.DefaultSubscriptionRegistry@19a31b9d]]
2022-12-28 15:48:27,523 INFO org.springframework.core.log.CompositeLog [main] Started.
2022-12-28 15:48:27,531 INFO org.springframework.boot.StartupInfoLogger [main] Started MessageServiceApplication in 1.707 seconds (JVM running for 2.151)
2022-12-28 15:49:27,442 INFO org.springframework.web.socket.config.WebSocketMessageBrokerStats [MessageBroker-1] WebSocketSession[0 current WS(0)-HttpStream(0)-HttpPoll(0), 0 total, 0 closed abnormally (0 connect failure, 0 send limit, 0 transport error)], stompSubProtocol[processed CONNECT(0)-CONNECTED(0)-DISCONNECT(0)], stompBrokerRelay[null], inboundChannel[pool size = 0, active threads = 0, queued tasks = 0, completed tasks = 0], outboundChannel[pool size = 0, active threads = 0, queued tasks = 0, completed tasks = 0], sockJsScheduler[pool size = 1, active threads = 1, queued tasks = 0, completed tasks = 0]
2022-12-28 16:19:27,455 INFO org.springframework.web.socket.config.WebSocketMessageBrokerStats [MessageBroker-1] WebSocketSession[0 current WS(0)-HttpStream(0)-HttpPoll(0), 0 total, 0 closed abnormally (0 connect failure, 0 send limit, 0 transport error)], stompSubProtocol[processed CONNECT(0)-CONNECTED(0)-DISCONNECT(0)], stompBrokerRelay[null], inboundChannel[pool size = 0, active threads = 0, queued tasks = 0, completed tasks = 0], outboundChannel[pool size = 0, active threads = 0, queued tasks = 0, completed tasks = 0], sockJsScheduler[pool size = 2, active threads = 1, queued tasks = 0, completed tasks = 1]
2022-12-28 16:35:01,310 INFO org.apache.juli.logging.DirectJDKLog [http-nio-7070-exec-1] Initializing Spring DispatcherServlet 'dispatcherServlet'
2022-12-28 16:35:01,310 INFO org.springframework.web.servlet.FrameworkServlet [http-nio-7070-exec-1] Initializing Servlet 'dispatcherServlet'
2022-12-28 16:35:01,312 INFO org.springframework.web.servlet.FrameworkServlet [http-nio-7070-exec-1] Completed initialization in 2 ms
2022-12-28 16:36:50,062 INFO org.springframework.web.socket.messaging.SubProtocolWebSocketHandler [http-nio-7070-exec-8] No messages received after 108675 ms. Closing WebSocketServerSockJsSession[id=s5ppcqmh].
2022-12-28 16:47:38,029 INFO org.springframework.boot.StartupInfoLogger [main] Starting MessageServiceApplication using Java 18 on Ranjan-Game-PC with PID 3784 (C:\Project\message-service\message-service\target\classes started by ranja in C:\Project\message-service\message-service)
2022-12-28 16:47:38,033 INFO org.springframework.boot.SpringApplication [main] No active profile set, falling back to 1 default profile: "default"
2022-12-28 16:47:39,120 INFO org.springframework.boot.web.embedded.tomcat.TomcatWebServer [main] Tomcat initialized with port(s): 7070 (http)
2022-12-28 16:47:39,129 INFO org.apache.juli.logging.DirectJDKLog [main] Initializing ProtocolHandler ["http-nio-7070"]
2022-12-28 16:47:39,129 INFO org.apache.juli.logging.DirectJDKLog [main] Starting service [Tomcat]
2022-12-28 16:47:39,130 INFO org.apache.juli.logging.DirectJDKLog [main] Starting Servlet engine: [Apache Tomcat/9.0.65]
2022-12-28 16:47:39,218 INFO org.apache.juli.logging.DirectJDKLog [main] Initializing Spring embedded WebApplicationContext
2022-12-28 16:47:39,219 INFO org.springframework.boot.web.servlet.context.ServletWebServerApplicationContext [main] Root WebApplicationContext: initialization completed in 1111 ms
2022-12-28 16:47:39,628 INFO org.apache.juli.logging.DirectJDKLog [main] Starting ProtocolHandler ["http-nio-7070"]
2022-12-28 16:47:39,649 INFO org.springframework.boot.web.embedded.tomcat.TomcatWebServer [main] Tomcat started on port(s): 7070 (http) with context path '/message'
2022-12-28 16:47:39,651 INFO org.springframework.core.log.CompositeLog [main] Starting...
2022-12-28 16:47:39,652 INFO org.springframework.core.log.CompositeLog [main] BrokerAvailabilityEvent[available=true, SimpleBrokerMessageHandler [org.springframework.messaging.simp.broker.DefaultSubscriptionRegistry@462e1e64]]
2022-12-28 16:47:39,652 INFO org.springframework.core.log.CompositeLog [main] Started.
2022-12-28 16:47:39,663 INFO org.springframework.boot.StartupInfoLogger [main] Started MessageServiceApplication in 2.093 seconds (JVM running for 2.692)
