2022-12-26 21:48:09,745 INFO org.springframework.boot.StartupInfoLogger [main] Starting MessageServiceApplication using Java 18 on Ranjan-Game-PC with PID 17660 (C:\Project\message-service\message-service\target\classes started by ranja in C:\Project\message-service\message-service)
2022-12-26 21:48:09,747 INFO org.springframework.boot.SpringApplication [main] No active profile set, falling back to 1 default profile: "default"
2022-12-26 21:48:10,993 INFO org.springframework.boot.web.embedded.tomcat.TomcatWebServer [main] Tomcat initialized with port(s): 7070 (http)
2022-12-26 21:48:11,006 INFO org.apache.juli.logging.DirectJDKLog [main] Initializing ProtocolHandler ["http-nio-7070"]
2022-12-26 21:48:11,007 INFO org.apache.juli.logging.DirectJDKLog [main] Starting service [Tomcat]
2022-12-26 21:48:11,008 INFO org.apache.juli.logging.DirectJDKLog [main] Starting Servlet engine: [Apache Tomcat/9.0.65]
2022-12-26 21:48:11,144 INFO org.apache.juli.logging.DirectJDKLog [main] Initializing Spring embedded WebApplicationContext
2022-12-26 21:48:11,145 INFO org.springframework.boot.web.servlet.context.ServletWebServerApplicationContext [main] Root WebApplicationContext: initialization completed in 1324 ms
2022-12-26 21:48:11,663 INFO org.apache.juli.logging.DirectJDKLog [main] Starting ProtocolHandler ["http-nio-7070"]
2022-12-26 21:48:11,693 INFO org.springframework.boot.web.embedded.tomcat.TomcatWebServer [main] Tomcat started on port(s): 7070 (http) with context path '/message'
2022-12-26 21:48:11,695 INFO org.springframework.core.log.CompositeLog [main] Starting...
2022-12-26 21:48:11,696 INFO org.springframework.core.log.CompositeLog [main] BrokerAvailabilityEvent[available=true, SimpleBrokerMessageHandler [org.springframework.messaging.simp.broker.DefaultSubscriptionRegistry@22c75c01]]
2022-12-26 21:48:11,696 INFO org.springframework.core.log.CompositeLog [main] Started.
2022-12-26 21:48:11,708 INFO org.springframework.boot.StartupInfoLogger [main] Started MessageServiceApplication in 2.524 seconds (JVM running for 3.295)
2022-12-26 21:49:11,567 INFO org.springframework.web.socket.config.WebSocketMessageBrokerStats [MessageBroker-1] WebSocketSession[0 current WS(0)-HttpStream(0)-HttpPoll(0), 0 total, 0 closed abnormally (0 connect failure, 0 send limit, 0 transport error)], stompSubProtocol[processed CONNECT(0)-CONNECTED(0)-DISCONNECT(0)], stompBrokerRelay[null], inboundChannel[pool size = 0, active threads = 0, queued tasks = 0, completed tasks = 0], outboundChannel[pool size = 0, active threads = 0, queued tasks = 0, completed tasks = 0], sockJsScheduler[pool size = 1, active threads = 1, queued tasks = 0, completed tasks = 0]
2022-12-26 22:00:18,593 INFO org.springframework.core.log.CompositeLog [SpringApplicationShutdownHook] Stopping...
2022-12-26 22:00:18,594 INFO org.springframework.core.log.CompositeLog [SpringApplicationShutdownHook] BrokerAvailabilityEvent[available=false, SimpleBrokerMessageHandler [org.springframework.messaging.simp.broker.DefaultSubscriptionRegistry@22c75c01]]
2022-12-26 22:00:18,594 INFO org.springframework.core.log.CompositeLog [SpringApplicationShutdownHook] Stopped.
2022-12-26 22:00:24,986 INFO org.springframework.boot.StartupInfoLogger [main] Starting MessageServiceApplication using Java 18 on Ranjan-Game-PC with PID 22176 (C:\Project\message-service\message-service\target\classes started by ranja in C:\Project\message-service\message-service)
2022-12-26 22:00:24,991 INFO org.springframework.boot.SpringApplication [main] No active profile set, falling back to 1 default profile: "default"
2022-12-26 22:00:26,123 INFO org.springframework.boot.web.embedded.tomcat.TomcatWebServer [main] Tomcat initialized with port(s): 7070 (http)
2022-12-26 22:00:26,136 INFO org.apache.juli.logging.DirectJDKLog [main] Initializing ProtocolHandler ["http-nio-7070"]
2022-12-26 22:00:26,137 INFO org.apache.juli.logging.DirectJDKLog [main] Starting service [Tomcat]
2022-12-26 22:00:26,137 INFO org.apache.juli.logging.DirectJDKLog [main] Starting Servlet engine: [Apache Tomcat/9.0.65]
2022-12-26 22:00:26,246 INFO org.apache.juli.logging.DirectJDKLog [main] Initializing Spring embedded WebApplicationContext
2022-12-26 22:00:26,247 INFO org.springframework.boot.web.servlet.context.ServletWebServerApplicationContext [main] Root WebApplicationContext: initialization completed in 1182 ms
2022-12-26 22:00:26,695 INFO org.apache.juli.logging.DirectJDKLog [main] Starting ProtocolHandler ["http-nio-7070"]
2022-12-26 22:00:26,720 INFO org.springframework.boot.web.embedded.tomcat.TomcatWebServer [main] Tomcat started on port(s): 7070 (http) with context path '/message'
2022-12-26 22:00:26,721 INFO org.springframework.core.log.CompositeLog [main] Starting...
2022-12-26 22:00:26,722 INFO org.springframework.core.log.CompositeLog [main] BrokerAvailabilityEvent[available=true, SimpleBrokerMessageHandler [org.springframework.messaging.simp.broker.DefaultSubscriptionRegistry@2f9a4401]]
2022-12-26 22:00:26,722 INFO org.springframework.core.log.CompositeLog [main] Started.
2022-12-26 22:00:26,733 INFO org.springframework.boot.StartupInfoLogger [main] Started MessageServiceApplication in 2.169 seconds (JVM running for 2.69)
2022-12-26 22:00:56,867 INFO org.springframework.core.log.CompositeLog [SpringApplicationShutdownHook] Stopping...
2022-12-26 22:00:56,867 INFO org.springframework.core.log.CompositeLog [SpringApplicationShutdownHook] BrokerAvailabilityEvent[available=false, SimpleBrokerMessageHandler [org.springframework.messaging.simp.broker.DefaultSubscriptionRegistry@2f9a4401]]
2022-12-26 22:00:56,867 INFO org.springframework.core.log.CompositeLog [SpringApplicationShutdownHook] Stopped.
